<?xml version="1.0" encoding="UTF-8"?>
<testsuite name="com.aern.paymentreekordservice.PaymentReekordServiceApplicationTests" tests="1" skipped="0" failures="0" errors="0" timestamp="2023-03-21T17:12:12" hostname="Naveens-Air" time="0.049">
  <properties/>
  <testcase name="contextLoads()" classname="com.aern.paymentreekordservice.PaymentReekordServiceApplicationTests" time="0.049"/>
  <system-out><![CDATA[22:42:08.742 [Test worker] DEBUG org.springframework.test.context.BootstrapUtils - Instantiating CacheAwareContextLoaderDelegate from class [org.springframework.test.context.cache.DefaultCacheAwareContextLoaderDelegate]
22:42:08.747 [Test worker] DEBUG org.springframework.test.context.BootstrapUtils - Instantiating BootstrapContext using constructor [public org.springframework.test.context.support.DefaultBootstrapContext(java.lang.Class,org.springframework.test.context.CacheAwareContextLoaderDelegate)]
22:42:08.761 [Test worker] DEBUG org.springframework.test.context.BootstrapUtils - Instantiating TestContextBootstrapper for test class [com.aern.paymentreekordservice.PaymentReekordServiceApplicationTests] from class [org.springframework.boot.test.context.SpringBootTestContextBootstrapper]
22:42:08.766 [Test worker] INFO org.springframework.boot.test.context.SpringBootTestContextBootstrapper - Neither @ContextConfiguration nor @ContextHierarchy found for test class [com.aern.paymentreekordservice.PaymentReekordServiceApplicationTests], using SpringBootContextLoader
22:42:08.768 [Test worker] DEBUG org.springframework.test.context.support.AbstractContextLoader - Did not detect default resource location for test class [com.aern.paymentreekordservice.PaymentReekordServiceApplicationTests]: class path resource [com/aern/paymentreekordservice/PaymentReekordServiceApplicationTests-context.xml] does not exist
22:42:08.768 [Test worker] DEBUG org.springframework.test.context.support.AbstractContextLoader - Did not detect default resource location for test class [com.aern.paymentreekordservice.PaymentReekordServiceApplicationTests]: class path resource [com/aern/paymentreekordservice/PaymentReekordServiceApplicationTestsContext.groovy] does not exist
22:42:08.768 [Test worker] INFO org.springframework.test.context.support.AbstractContextLoader - Could not detect default resource locations for test class [com.aern.paymentreekordservice.PaymentReekordServiceApplicationTests]: no resource found for suffixes {-context.xml, Context.groovy}.
22:42:08.769 [Test worker] INFO org.springframework.test.context.support.AnnotationConfigContextLoaderUtils - Could not detect default configuration classes for test class [com.aern.paymentreekordservice.PaymentReekordServiceApplicationTests]: PaymentReekordServiceApplicationTests does not declare any static, non-private, non-final, nested classes annotated with @Configuration.
22:42:08.788 [Test worker] DEBUG org.springframework.test.context.support.ActiveProfilesUtils - Could not find an 'annotation declaring class' for annotation type [org.springframework.test.context.ActiveProfiles] and class [com.aern.paymentreekordservice.PaymentReekordServiceApplicationTests]
22:42:08.811 [Test worker] DEBUG org.springframework.context.annotation.ClassPathScanningCandidateComponentProvider - Identified candidate component class: file [/Users/naveenjagirdhar/Documents/AERN/payment-reekord-service/build/classes/java/main/com/aern/paymentreekordservice/PaymentReekordServiceApplication.class]
22:42:08.812 [Test worker] INFO org.springframework.boot.test.context.SpringBootTestContextBootstrapper - Found @SpringBootConfiguration com.aern.paymentreekordservice.PaymentReekordServiceApplication for test class com.aern.paymentreekordservice.PaymentReekordServiceApplicationTests
22:42:08.870 [Test worker] DEBUG org.springframework.boot.test.context.SpringBootTestContextBootstrapper - @TestExecutionListeners is not present for class [com.aern.paymentreekordservice.PaymentReekordServiceApplicationTests]: using defaults.
22:42:08.870 [Test worker] INFO org.springframework.boot.test.context.SpringBootTestContextBootstrapper - Loaded default TestExecutionListener class names from location [META-INF/spring.factories]: [org.springframework.security.test.context.support.WithSecurityContextTestExecutionListener, org.springframework.security.test.context.support.ReactorContextTestExecutionListener, org.springframework.boot.test.autoconfigure.restdocs.RestDocsTestExecutionListener, org.springframework.boot.test.autoconfigure.web.client.MockRestServiceServerResetTestExecutionListener, org.springframework.boot.test.autoconfigure.web.servlet.MockMvcPrintOnlyOnFailureTestExecutionListener, org.springframework.boot.test.autoconfigure.web.servlet.WebDriverTestExecutionListener, org.springframework.boot.test.autoconfigure.webservices.client.MockWebServiceServerTestExecutionListener, org.springframework.boot.test.mock.mockito.MockitoTestExecutionListener, org.springframework.boot.test.mock.mockito.ResetMocksTestExecutionListener, org.springframework.test.context.web.ServletTestExecutionListener, org.springframework.test.context.support.DirtiesContextBeforeModesTestExecutionListener, org.springframework.test.context.event.ApplicationEventsTestExecutionListener, org.springframework.test.context.support.DependencyInjectionTestExecutionListener, org.springframework.test.context.support.DirtiesContextTestExecutionListener, org.springframework.test.context.transaction.TransactionalTestExecutionListener, org.springframework.test.context.jdbc.SqlScriptsTestExecutionListener, org.springframework.test.context.event.EventPublishingTestExecutionListener]
22:42:08.879 [Test worker] INFO org.springframework.boot.test.context.SpringBootTestContextBootstrapper - Using TestExecutionListeners: [org.springframework.test.context.web.ServletTestExecutionListener@315ba14a, org.springframework.test.context.support.DirtiesContextBeforeModesTestExecutionListener@17f9344b, org.springframework.test.context.event.ApplicationEventsTestExecutionListener@27f0ad19, org.springframework.boot.test.mock.mockito.MockitoTestExecutionListener@54e81b21, org.springframework.boot.test.autoconfigure.SpringBootDependencyInjectionTestExecutionListener@38d5b107, org.springframework.test.context.support.DirtiesContextTestExecutionListener@6650813a, org.springframework.test.context.transaction.TransactionalTestExecutionListener@44ea608c, org.springframework.test.context.jdbc.SqlScriptsTestExecutionListener@50cf5a23, org.springframework.security.test.context.support.WithSecurityContextTestExecutionListener@450794b4, org.springframework.test.context.event.EventPublishingTestExecutionListener@273c947f, org.springframework.security.test.context.support.ReactorContextTestExecutionListener@30457e14, org.springframework.boot.test.autoconfigure.restdocs.RestDocsTestExecutionListener@1af1347d, org.springframework.boot.test.autoconfigure.web.client.MockRestServiceServerResetTestExecutionListener@632aa1a3, org.springframework.boot.test.autoconfigure.web.servlet.MockMvcPrintOnlyOnFailureTestExecutionListener@20765ed5, org.springframework.boot.test.autoconfigure.web.servlet.WebDriverTestExecutionListener@3b582111, org.springframework.boot.test.autoconfigure.webservices.client.MockWebServiceServerTestExecutionListener@2899a8db, org.springframework.boot.test.mock.mockito.ResetMocksTestExecutionListener@1e8823d2]
22:42:08.880 [Test worker] DEBUG org.springframework.test.context.support.AbstractDirtiesContextTestExecutionListener - Before test class: context [DefaultTestContext@62df0ff3 testClass = PaymentReekordServiceApplicationTests, testInstance = [null], testMethod = [null], testException = [null], mergedContextConfiguration = [WebMergedContextConfiguration@61019f59 testClass = PaymentReekordServiceApplicationTests, locations = '{}', classes = '{class com.aern.paymentreekordservice.PaymentReekordServiceApplication}', contextInitializerClasses = '[]', activeProfiles = '{}', propertySourceLocations = '{}', propertySourceProperties = '{org.springframework.boot.test.context.SpringBootTestContextBootstrapper=true}', contextCustomizers = set[org.springframework.boot.test.autoconfigure.actuate.metrics.MetricsExportContextCustomizerFactory$DisableMetricExportContextCustomizer@d8305c2, org.springframework.boot.test.autoconfigure.properties.PropertyMappingContextCustomizer@0, org.springframework.boot.test.autoconfigure.web.servlet.WebDriverContextCustomizerFactory$Customizer@4879f0f2, org.springframework.boot.test.context.filter.ExcludeFilterContextCustomizer@5b43fbf6, org.springframework.boot.test.json.DuplicateJsonObjectContextCustomizerFactory$DuplicateJsonObjectContextCustomizer@a4b2d8f, org.springframework.boot.test.mock.mockito.MockitoContextCustomizer@0, org.springframework.boot.test.web.client.TestRestTemplateContextCustomizer@55b5f5d2, org.springframework.boot.test.context.SpringBootTestArgs@1, org.springframework.boot.test.context.SpringBootTestWebEnvironment@102cec62], resourceBasePath = 'src/main/webapp', contextLoader = 'org.springframework.boot.test.context.SpringBootContextLoader', parent = [null]], attributes = map['org.springframework.test.context.web.ServletTestExecutionListener.activateListener' -> true]], class annotated with @DirtiesContext [false] with mode [null].

  .   ____          _            __ _ _
 /\\ / ___'_ __ _ _(_)_ __  __ _ \ \ \ \
( ( )\___ | '_ | '_| | '_ \/ _` | \ \ \ \
 \\/  ___)| |_)| | | | | || (_| |  ) ) ) )
  '  |____| .__|_| |_|_| |_\__, | / / / /
 =========|_|==============|___/=/_/_/_/
 :: Spring Boot ::                (v2.7.8)

2023-03-21 22:42:09.032  INFO 6021 --- [    Test worker] .p.PaymentReekordServiceApplicationTests : Starting PaymentReekordServiceApplicationTests using Java 11.0.17 on Naveens-MacBook-Air.local with PID 6021 (started by naveenjagirdhar in /Users/naveenjagirdhar/Documents/AERN/payment-reekord-service)
2023-03-21 22:42:09.032  INFO 6021 --- [    Test worker] .p.PaymentReekordServiceApplicationTests : No active profile set, falling back to 1 default profile: "default"
2023-03-21 22:42:09.501  INFO 6021 --- [    Test worker] .s.d.r.c.RepositoryConfigurationDelegate : Bootstrapping Spring Data JPA repositories in DEFAULT mode.
2023-03-21 22:42:09.526  INFO 6021 --- [    Test worker] .s.d.r.c.RepositoryConfigurationDelegate : Finished Spring Data repository scanning in 21 ms. Found 4 JPA repository interfaces.
2023-03-21 22:42:09.790  INFO 6021 --- [    Test worker] o.hibernate.jpa.internal.util.LogHelper  : HHH000204: Processing PersistenceUnitInfo [name: default]
2023-03-21 22:42:09.811  INFO 6021 --- [    Test worker] org.hibernate.Version                    : HHH000412: Hibernate ORM core version 5.6.14.Final
2023-03-21 22:42:09.897  INFO 6021 --- [    Test worker] o.hibernate.annotations.common.Version   : HCANN000001: Hibernate Commons Annotations {5.1.2.Final}
2023-03-21 22:42:09.946  INFO 6021 --- [    Test worker] com.zaxxer.hikari.HikariDataSource       : HikariPool-1 - Starting...
2023-03-21 22:42:10.447  INFO 6021 --- [    Test worker] com.zaxxer.hikari.HikariDataSource       : HikariPool-1 - Start completed.
2023-03-21 22:42:10.461  INFO 6021 --- [    Test worker] org.hibernate.dialect.Dialect            : HHH000400: Using dialect: org.hibernate.dialect.MySQL57InnoDBDialect
2023-03-21 22:42:10.925  INFO 6021 --- [    Test worker] o.h.e.t.j.p.i.JtaPlatformInitiator       : HHH000490: Using JtaPlatform implementation: [org.hibernate.engine.transaction.jta.platform.internal.NoJtaPlatform]
2023-03-21 22:42:10.930  INFO 6021 --- [    Test worker] j.LocalContainerEntityManagerFactoryBean : Initialized JPA EntityManagerFactory for persistence unit 'default'
2023-03-21 22:42:11.528  INFO 6021 --- [    Test worker] o.s.s.web.DefaultSecurityFilterChain     : Will secure any request with [org.springframework.security.web.session.DisableEncodeUrlFilter@5fc3dfc1, org.springframework.security.web.context.request.async.WebAsyncManagerIntegrationFilter@67d6bb59, org.springframework.security.web.context.SecurityContextPersistenceFilter@6ccd3cf1, org.springframework.security.web.header.HeaderWriterFilter@6aa7d7a0, org.springframework.security.web.authentication.logout.LogoutFilter@2cf6b6e6, org.springframework.security.oauth2.server.resource.web.BearerTokenAuthenticationFilter@163b8acc, org.springframework.security.web.savedrequest.RequestCacheAwareFilter@557f0a39, org.springframework.security.web.servletapi.SecurityContextHolderAwareRequestFilter@eaf3dd0, org.springframework.security.web.authentication.AnonymousAuthenticationFilter@1a632663, org.springframework.security.web.session.SessionManagementFilter@3b9d85c2, org.springframework.security.web.access.ExceptionTranslationFilter@183e8c8a, org.springframework.security.web.access.intercept.AuthorizationFilter@682fc714]
2023-03-21 22:42:11.535  INFO 6021 --- [    Test worker] o.s.s.web.DefaultSecurityFilterChain     : Will secure Or [Ant [pattern='/api/v1/onboard/customer-detail'], Ant [pattern='/api/v1/onboard/login']] with [org.springframework.security.web.session.DisableEncodeUrlFilter@258ff54a, org.springframework.security.web.context.request.async.WebAsyncManagerIntegrationFilter@50c462b8, org.springframework.security.web.context.SecurityContextPersistenceFilter@1f40bb80, org.springframework.security.web.header.HeaderWriterFilter@6223dbed, org.springframework.security.web.authentication.logout.LogoutFilter@794b139b, org.springframework.security.web.authentication.www.BasicAuthenticationFilter@7f514dfe, org.springframework.security.web.savedrequest.RequestCacheAwareFilter@c42ee90, org.springframework.security.web.servletapi.SecurityContextHolderAwareRequestFilter@70c2a046, org.springframework.security.web.authentication.AnonymousAuthenticationFilter@77d03738, org.springframework.security.web.session.SessionManagementFilter@5713e35f, org.springframework.security.web.access.ExceptionTranslationFilter@76ecbfbf, org.springframework.security.web.access.intercept.AuthorizationFilter@87276c4]
2023-03-21 22:42:11.701  WARN 6021 --- [    Test worker] JpaBaseConfiguration$JpaWebConfiguration : spring.jpa.open-in-view is enabled by default. Therefore, database queries may be performed during view rendering. Explicitly configure spring.jpa.open-in-view to disable this warning
2023-03-21 22:42:12.650  INFO 6021 --- [    Test worker] o.s.b.a.e.web.EndpointLinksResolver      : Exposing 1 endpoint(s) beneath base path '/actuator'
2023-03-21 22:42:12.682  INFO 6021 --- [    Test worker] .p.PaymentReekordServiceApplicationTests : Started PaymentReekordServiceApplicationTests in 3.776 seconds (JVM running for 4.33)
]]></system-out>
  <system-err><![CDATA[]]></system-err>
</testsuite>
